Arguments: 
  /home/cornelia/.nvm/versions/node/v9.11.0/bin/node /usr/share/yarn/bin/yarn.js

PATH: 
  /home/cornelia/.nvm/versions/node/v9.11.0/bin:/usr/local/sbin:/usr/local/bin:/usr/sbin:/usr/bin:/sbin:/bin:/usr/games:/usr/local/games:/mnt/c/Program Files (x86)/Intel/iCLS Client:/mnt/c/Program Files/Intel/iCLS Client:/mnt/c/ImageMagick-6.9.2-Q16:/mnt/c/Windows/System32:/mnt/c/Windows:/mnt/c/Windows/System32/wbem:/mnt/c/Windows/System32/WindowsPowerShell/v1.0:/mnt/c/Program Files (x86)/Windows Kits/8.1/Windows Performance Toolkit:/mnt/c/Program Files/Microsoft SQL Server/110/Tools/Binn:/mnt/c/Program Files (x86)/Microsoft SDKs/TypeScript/1.0:/mnt/c/Program Files/Microsoft SQL Server/120/Tools/Binn:/mnt/c/Development/Tools:/mnt/c/Development/Tools/Console2:/mnt/c/Python27:/mnt/c/Python27/Scripts:/mnt/c/Program Files/Microsoft/Web Platform Installer:/mnt/c/Program Files (x86)/Microsoft SQL Server/100/Tools/Binn:/mnt/c/Program Files/Microsoft SQL Server/100/Tools/Binn:/mnt/c/Program Files/Microsoft SQL Server/100/DTS/Binn:/mnt/c/Program Files (x86)/Microsoft ASP.NET/ASP.NET Web Pages/v1.0:/mnt/c/Program Files/Microsoft SQL Server/Client SDK/ODBC/110/Tools/Binn:/mnt/c/Program Files (x86)/Microsoft SQL Server/120/Tools/Binn:/mnt/c/Program Files/Microsoft SQL Server/120/DTS/Binn:/mnt/c/Program Files (x86)/Microsoft SQL Server/120/Tools/Binn/ManagementStudio:/mnt/c/Program Files (x86)/Microsoft SQL Server/120/DTS/Binn:/mnt/c/RailsInstaller/Ruby2.1.0/bin:/mnt/c/Program Files (x86)/Git/cmd:/mnt/c/Program Files/Intel/Intel(R) Management Engine Components/DAL:/mnt/c/Program Files (x86)/Intel/Intel(R) Management Engine Components/DAL:/mnt/c/Program Files/Intel/Intel(R) Management Engine Components/IPT:/mnt/c/Program Files (x86)/Intel/Intel(R) Management Engine Components/IPT:/mnt/c/Program Files (x86)/MySQL/MySQL Fabric 1.5 & MySQL Utilities 1.5:/mnt/c/Program Files (x86)/MySQL/MySQL Fabric 1.5 & MySQL Utilities 1.5/Doctrine extensions for PHP:/mnt/c/Program Files/Microsoft DNX/Dnvm:/mnt/c/Program Files/Microsoft SQL Server/130/Tools/Binn:/mnt/c/Program Files (x86)/QuickTime/QTSystem:/mnt/c/HashiCorp/Vagrant/bin:/mnt/c/Program Files (x86)/Skype/Phone:/mnt/c/Windows/System32/OpenSSH:/mnt/c/Users/corne/AppData/Roaming/nvm:/mnt/c/Program Files/nodejs:/mnt/c/Program Files/Microsoft VS Code/bin:/mnt/c/Program Files/nodejs:/mnt/c/Users/corne/AppData/Local/Programs/Python/Python35-32/Scripts:/mnt/c/Users/corne/AppData/Local/Programs/Python/Python35-32:/mnt/c/Ruby23/bin:/mnt/c/Users/corne/AppData/Local/Microsoft/WindowsApps:/mnt/c/Users/corne/.babun:/mnt/c/Program Files/heroku/bin:/mnt/c/Users/corne/AppData/Local/Programs/Fiddler:/mnt/c/Users/corne/AppData/Roaming/npm:/mnt/c/Users/corne/AppData/Local/Programs/Microsoft VS Code/bin

Yarn version: 
  1.10.1

Node version: 
  9.11.0

Platform: 
  linux x64

Trace: 
  Error: ENOENT: no such file or directory, copyfile '/home/cornelia/.cache/yarn/v2/npm-string_decoder-0.10.31-62e203bc41766c6c28c9fc84301dab1c5310fa94/LICENSE' -> '/mnt/c/Users/corne/workspace/photolocations/node_modules/renderkid/node_modules/string_decoder/LICENSE'

npm manifest: 
  {
    "name": "photo-locations",
    "version": "0.2.1",
    "description": "A site for anyone seeking good photo locations",
    "repository": "https://github.com/cornelia-schulz/photo-opportunities",
    "main": "server/index.js",
    "author": "Cornelia Schulz",
    "license": "ISC",
    "scripts": {
      "build": "webpack --config ./webpack.config.js",
      "knex": "knex --knexfile ./server/db/knexfile.js",
      "start": "webpack && node server",
      "dev": "node server & webpack --watch --mode development",
      "postinstall": "yarn build && yarn knex migrate:latest",
      "test": "jest --watchAll"
    },
    "moduleFileExtensions": [
      "js",
      "json",
      "node"
    ],
    "babel": {
      "presets": [
        "@babel/env",
        "@babel/react"
      ],
      "plugins": [
        "@babel/plugin-syntax-dynamic-import",
        "@babel/plugin-syntax-import-meta",
        [
          "@babel/plugin-proposal-class-properties",
          {
            "loose": false
          }
        ],
        "@babel/plugin-proposal-json-strings"
      ]
    },
    "jest": {
      "setupTestFrameworkScriptFile": "./node_modules/jest-enzyme/lib/index.js",
      "testURL": "http://localhost:3000/"
    },
    "dependencies": {
      "@babel/core": "^7.0.0",
      "@babel/plugin-proposal-class-properties": "^7.1.0",
      "@babel/plugin-proposal-json-strings": "^7.0.0",
      "@babel/plugin-syntax-dynamic-import": "^7.0.0",
      "@babel/plugin-syntax-import-meta": "^7.0.0",
      "@babel/preset-env": "^7.0.0",
      "@babel/preset-react": "^7.0.0",
      "@babel/register": "^7.0.0",
      "babel-loader": "^8.0.4",
      "cors": "^2.8.4",
      "dotenv": "^6.0.0",
      "express": "^4.16.4",
      "google-maps": "^3.2.1",
      "google-maps-react": "^2.0.2",
      "i18next": "^11.9.0",
      "i18next-browser-languagedetector": "^2.2.3",
      "i18next-xhr-backend": "^1.5.1",
      "install": "^0.12.2",
      "jade": "^1.11.0",
      "jsonwebtoken": "^8.3.0",
      "knex": "^0.14.6",
      "nodemailer": "^4.6.8",
      "npm": "^6.4.1",
      "passport": "^0.4.0",
      "passport-facebook-token": "^3.3.0",
      "passport-google-token": "^0.1.2",
      "pg": "^7.4.3",
      "prop-types": "^15.6.2",
      "react": "^16.6.0",
      "react-dom": "^16.6.0",
      "react-facebook-login": "^4.0.1",
      "react-ga": "^2.5.3",
      "react-google-login": "^3.2.1",
      "react-i18next": "^8.0.7",
      "react-modal": "^3.5.1",
      "react-redux": "^5.0.7",
      "react-router": "^4.3.1",
      "react-router-dom": "^4.3.1",
      "react-scripts": "^2.0.5",
      "react-star-rating-component": "^1.4.1",
      "redux": "^4.0.1",
      "redux-immutable-state-invariant": "^2.1.0",
      "redux-mock-store": "^1.5.3",
      "redux-thunk": "^2.3.0",
      "request": "^2.87.0",
      "webpack": "^4.20.2"
    },
    "devDependencies": {
      "@alienfast/i18next-loader": "^1.0.16",
      "@babel/plugin-syntax-object-rest-spread": "^7.0.0",
      "enzyme": "^3.7.0",
      "enzyme-adapter-react-16": "^1.6.0",
      "jest": "^23.6.0",
      "jest-enzyme": "^7.0.0",
      "sqlite3": "^4.0.2",
      "superagent": "^3.8.3",
      "webpack-cli": "^3.1.2"
    }
  }

yarn manifest: 
  No manifest

Lockfile: 
  No lockfile
